TN:
SF:src\router.tsx
FN:6,(anonymous_0)
FN:7,(anonymous_1)
FN:8,(anonymous_2)
FN:9,(anonymous_3)
FN:10,(anonymous_4)
FN:11,(anonymous_5)
FN:12,(anonymous_6)
FN:13,(anonymous_7)
FN:14,(anonymous_8)
FN:15,(anonymous_9)
FN:16,(anonymous_10)
FN:17,(anonymous_11)
FN:18,(anonymous_12)
FN:20,(anonymous_13)
FNF:14
FNH:0
FNDA:0,(anonymous_0)
FNDA:0,(anonymous_1)
FNDA:0,(anonymous_2)
FNDA:0,(anonymous_3)
FNDA:0,(anonymous_4)
FNDA:0,(anonymous_5)
FNDA:0,(anonymous_6)
FNDA:0,(anonymous_7)
FNDA:0,(anonymous_8)
FNDA:0,(anonymous_9)
FNDA:0,(anonymous_10)
FNDA:0,(anonymous_11)
FNDA:0,(anonymous_12)
FNDA:0,(anonymous_13)
DA:6,1
DA:7,1
DA:8,1
DA:9,1
DA:10,1
DA:11,1
DA:12,1
DA:13,1
DA:14,1
DA:15,1
DA:16,1
DA:17,1
DA:18,1
DA:20,1
DA:23,1
DA:34,1
LF:16
LH:16
BRF:0
BRH:0
end_of_record
TN:
SF:src\components\Layout.tsx
FN:81,(anonymous_0)
FN:90,(anonymous_1)
FN:91,(anonymous_2)
FN:98,(anonymous_3)
FN:99,(anonymous_4)
FN:124,(anonymous_5)
FNF:6
FNH:6
FNDA:6,(anonymous_0)
FNDA:5,(anonymous_1)
FNDA:16,(anonymous_2)
FNDA:5,(anonymous_3)
FNDA:16,(anonymous_4)
FNDA:1,(anonymous_5)
DA:20,1
DA:21,1
DA:23,1
DA:81,1
DA:82,6
DA:83,6
DA:84,6
DA:87,6
DA:90,6
DA:91,16
DA:92,5
DA:94,1
DA:98,6
DA:99,16
DA:100,5
DA:102,1
DA:103,1
DA:105,0
DA:108,6
DA:124,1
LF:20
LH:19
BRDA:92,0,0,4
BRDA:92,0,1,1
BRDA:100,1,0,4
BRDA:100,1,1,1
BRDA:102,2,0,1
BRDA:102,2,1,0
BRDA:143,3,0,6
BRDA:143,3,1,1
BRF:8
BRH:7
end_of_record
TN:
SF:src\pages\AnalysisStatus.tsx
FN:27,(anonymous_0)
FN:42,(anonymous_1)
FN:43,(anonymous_2)
FN:43,(anonymous_3)
FN:46,(anonymous_4)
FN:48,(anonymous_5)
FN:49,(anonymous_6)
FN:50,(anonymous_7)
FN:60,(anonymous_8)
FN:62,(anonymous_9)
FN:73,(anonymous_10)
FN:76,(anonymous_11)
FN:77,(anonymous_12)
FN:78,(anonymous_13)
FN:84,(anonymous_14)
FN:85,(anonymous_15)
FN:90,(anonymous_16)
FN:91,(anonymous_17)
FN:98,(anonymous_18)
FN:132,(anonymous_19)
FN:145,(anonymous_20)
FN:152,(anonymous_21)
FN:162,(anonymous_22)
FN:171,(anonymous_23)
FN:189,(anonymous_24)
FN:198,(anonymous_25)
FN:212,(anonymous_26)
FN:232,(anonymous_27)
FN:251,(anonymous_28)
FN:294,(anonymous_29)
FN:314,(anonymous_30)
FN:322,(anonymous_31)
FN:332,(anonymous_32)
FN:333,(anonymous_33)
FN:337,(anonymous_34)
FN:346,(anonymous_35)
FNF:36
FNH:19
FNDA:10,(anonymous_0)
FNDA:2,(anonymous_1)
FNDA:2,(anonymous_2)
FNDA:0,(anonymous_3)
FNDA:3,(anonymous_4)
FNDA:3,(anonymous_5)
FNDA:2,(anonymous_6)
FNDA:0,(anonymous_7)
FNDA:3,(anonymous_8)
FNDA:0,(anonymous_9)
FNDA:1,(anonymous_10)
FNDA:0,(anonymous_11)
FNDA:0,(anonymous_12)
FNDA:0,(anonymous_13)
FNDA:0,(anonymous_14)
FNDA:0,(anonymous_15)
FNDA:0,(anonymous_16)
FNDA:0,(anonymous_17)
FNDA:1,(anonymous_18)
FNDA:3,(anonymous_19)
FNDA:3,(anonymous_20)
FNDA:3,(anonymous_21)
FNDA:3,(anonymous_22)
FNDA:3,(anonymous_23)
FNDA:3,(anonymous_24)
FNDA:0,(anonymous_25)
FNDA:0,(anonymous_26)
FNDA:0,(anonymous_27)
FNDA:0,(anonymous_28)
FNDA:5,(anonymous_29)
FNDA:0,(anonymous_30)
FNDA:0,(anonymous_31)
FNDA:16,(anonymous_32)
FNDA:4,(anonymous_33)
FNDA:8,(anonymous_34)
FNDA:0,(anonymous_35)
DA:19,1
DA:27,1
DA:31,10
DA:33,10
DA:34,10
DA:35,10
DA:36,10
DA:37,10
DA:38,10
DA:39,10
DA:40,10
DA:42,10
DA:43,2
DA:46,10
DA:47,3
DA:48,3
DA:49,3
DA:50,2
DA:51,2
DA:60,10
DA:61,3
DA:62,1
DA:63,0
DA:64,0
DA:65,0
DA:66,0
DA:67,0
DA:68,0
DA:73,1
DA:76,10
DA:77,0
DA:78,0
DA:79,0
DA:82,0
DA:83,0
DA:84,0
DA:85,0
DA:86,0
DA:90,0
DA:91,0
DA:92,0
DA:98,10
DA:99,1
DA:100,0
DA:101,0
DA:103,1
DA:104,1
DA:105,1
DA:106,1
DA:107,1
DA:108,1
DA:110,0
DA:112,1
DA:116,10
DA:126,10
DA:132,3
DA:145,3
DA:153,3
DA:154,3
DA:163,3
DA:172,3
DA:173,2
DA:174,2
DA:175,0
DA:190,3
DA:191,3
DA:192,3
DA:199,0
DA:213,0
DA:214,0
DA:215,0
DA:216,0
DA:217,0
DA:219,0
DA:221,0
DA:233,0
DA:234,0
DA:235,0
DA:236,0
DA:238,0
DA:251,10
DA:252,0
DA:253,0
DA:255,0
DA:256,0
DA:280,10
DA:294,5
DA:314,0
DA:322,0
DA:332,16
DA:333,4
DA:337,8
DA:346,0
LF:93
LH:52
BRDA:53,0,0,2
BRDA:53,0,1,2
BRDA:54,1,0,2
BRDA:54,1,1,2
BRDA:61,2,0,2
BRDA:61,2,1,1
BRDA:67,3,0,0
BRDA:67,3,1,0
BRDA:79,4,0,0
BRDA:79,4,1,0
BRDA:86,5,0,0
BRDA:86,5,1,0
BRDA:92,6,0,0
BRDA:92,6,1,0
BRDA:99,7,0,0
BRDA:99,7,1,1
BRDA:110,8,0,0
BRDA:110,8,1,0
BRDA:153,9,0,3
BRDA:153,9,1,0
BRDA:164,10,0,0
BRDA:164,10,1,3
BRDA:164,11,0,2
BRDA:164,11,1,1
BRDA:172,12,0,1
BRDA:172,12,1,2
BRDA:172,13,0,3
BRDA:172,13,1,2
BRDA:173,14,0,0
BRDA:173,14,1,2
BRDA:174,15,0,2
BRDA:174,15,1,0
BRDA:177,16,0,0
BRDA:177,16,1,0
BRDA:178,17,0,0
BRDA:178,17,1,0
BRDA:219,18,0,0
BRDA:219,18,1,0
BRDA:227,19,0,3
BRDA:227,19,1,3
BRDA:238,20,0,0
BRDA:238,20,1,0
BRDA:252,21,0,0
BRDA:252,21,1,0
BRDA:261,22,0,0
BRDA:261,22,1,0
BRDA:273,23,0,0
BRDA:273,23,1,0
BRDA:320,24,0,10
BRDA:320,24,1,0
BRDA:326,25,0,7
BRDA:326,25,1,3
BRF:52
BRH:22
end_of_record
TN:
SF:src\pages\AttributeDesign.tsx
FN:17,(anonymous_0)
FN:29,(anonymous_1)
FN:42,(anonymous_2)
FN:54,(anonymous_3)
FN:64,(anonymous_4)
FN:68,(anonymous_5)
FN:91,(anonymous_6)
FN:130,(anonymous_7)
FN:134,(anonymous_8)
FN:144,(anonymous_9)
FN:149,(anonymous_10)
FN:150,(anonymous_11)
FN:151,(anonymous_12)
FN:157,(anonymous_13)
FN:168,(anonymous_14)
FN:170,(anonymous_15)
FN:192,(anonymous_16)
FN:193,(anonymous_17)
FN:194,(anonymous_18)
FN:200,(anonymous_19)
FN:217,(anonymous_20)
FN:218,(anonymous_21)
FN:219,(anonymous_22)
FN:223,(anonymous_23)
FN:240,(anonymous_24)
FN:241,(anonymous_25)
FN:242,(anonymous_26)
FN:249,(anonymous_27)
FN:265,(anonymous_28)
FN:266,(anonymous_29)
FN:267,(anonymous_30)
FN:273,(anonymous_31)
FN:274,(anonymous_32)
FN:275,(anonymous_33)
FN:284,(anonymous_34)
FN:291,(anonymous_35)
FN:308,(anonymous_36)
FN:309,(anonymous_37)
FN:312,(anonymous_38)
FN:313,(anonymous_39)
FN:313,(anonymous_40)
FN:316,(anonymous_41)
FN:317,(anonymous_42)
FN:318,(anonymous_43)
FN:330,(anonymous_44)
FN:331,(anonymous_45)
FN:332,(anonymous_46)
FN:334,(anonymous_47)
FN:340,(anonymous_48)
FN:346,(anonymous_49)
FN:347,(anonymous_50)
FN:351,(anonymous_51)
FN:362,(anonymous_52)
FN:384,(anonymous_53)
FN:391,(anonymous_54)
FN:393,(anonymous_55)
FN:395,(anonymous_56)
FN:404,(anonymous_57)
FN:410,(anonymous_58)
FN:411,(anonymous_59)
FN:411,(anonymous_60)
FN:415,(anonymous_61)
FN:417,(anonymous_62)
FN:426,(anonymous_63)
FN:430,(anonymous_64)
FN:432,(anonymous_65)
FN:451,(anonymous_66)
FN:472,(anonymous_67)
FN:483,(anonymous_68)
FN:490,(anonymous_69)
FN:496,(anonymous_70)
FN:508,(anonymous_71)
FN:521,(anonymous_72)
FN:539,(anonymous_73)
FN:548,(anonymous_74)
FN:560,(anonymous_75)
FN:568,(anonymous_76)
FN:578,(anonymous_77)
FN:587,(anonymous_78)
FN:601,(anonymous_79)
FN:629,(anonymous_80)
FN:630,(anonymous_81)
FN:637,(anonymous_82)
FN:637,(anonymous_83)
FN:639,(anonymous_84)
FN:639,(anonymous_85)
FN:654,(anonymous_86)
FN:655,(anonymous_87)
FN:662,(anonymous_88)
FN:662,(anonymous_89)
FN:664,(anonymous_90)
FN:664,(anonymous_91)
FN:687,(anonymous_92)
FN:694,(anonymous_93)
FNF:94
FNH:60
FNDA:3,(anonymous_0)
FNDA:65,(anonymous_1)
FNDA:62,(anonymous_2)
FNDA:15,(anonymous_3)
FNDA:54,(anonymous_4)
FNDA:3,(anonymous_5)
FNDA:17,(anonymous_6)
FNDA:5,(anonymous_7)
FNDA:3,(anonymous_8)
FNDA:1,(anonymous_9)
FNDA:2,(anonymous_10)
FNDA:2,(anonymous_11)
FNDA:1,(anonymous_12)
FNDA:105,(anonymous_13)
FNDA:17,(anonymous_14)
FNDA:17,(anonymous_15)
FNDA:4,(anonymous_16)
FNDA:4,(anonymous_17)
FNDA:32,(anonymous_18)
FNDA:0,(anonymous_19)
FNDA:1,(anonymous_20)
FNDA:1,(anonymous_21)
FNDA:7,(anonymous_22)
FNDA:0,(anonymous_23)
FNDA:0,(anonymous_24)
FNDA:0,(anonymous_25)
FNDA:0,(anonymous_26)
FNDA:0,(anonymous_27)
FNDA:0,(anonymous_28)
FNDA:0,(anonymous_29)
FNDA:0,(anonymous_30)
FNDA:1,(anonymous_31)
FNDA:1,(anonymous_32)
FNDA:8,(anonymous_33)
FNDA:8,(anonymous_34)
FNDA:2,(anonymous_35)
FNDA:2,(anonymous_36)
FNDA:2,(anonymous_37)
FNDA:7,(anonymous_38)
FNDA:7,(anonymous_39)
FNDA:34,(anonymous_40)
FNDA:1,(anonymous_41)
FNDA:1,(anonymous_42)
FNDA:7,(anonymous_43)
FNDA:1,(anonymous_44)
FNDA:1,(anonymous_45)
FNDA:7,(anonymous_46)
FNDA:4,(anonymous_47)
FNDA:32,(anonymous_48)
FNDA:32,(anonymous_49)
FNDA:224,(anonymous_50)
FNDA:128,(anonymous_51)
FNDA:5,(anonymous_52)
FNDA:0,(anonymous_53)
FNDA:0,(anonymous_54)
FNDA:0,(anonymous_55)
FNDA:0,(anonymous_56)
FNDA:0,(anonymous_57)
FNDA:0,(anonymous_58)
FNDA:0,(anonymous_59)
FNDA:0,(anonymous_60)
FNDA:470,(anonymous_61)
FNDA:470,(anonymous_62)
FNDA:470,(anonymous_63)
FNDA:470,(anonymous_64)
FNDA:1727,(anonymous_65)
FNDA:0,(anonymous_66)
FNDA:470,(anonymous_67)
FNDA:1,(anonymous_68)
FNDA:4,(anonymous_69)
FNDA:0,(anonymous_70)
FNDA:1,(anonymous_71)
FNDA:7,(anonymous_72)
FNDA:0,(anonymous_73)
FNDA:1727,(anonymous_74)
FNDA:1,(anonymous_75)
FNDA:32,(anonymous_76)
FNDA:0,(anonymous_77)
FNDA:0,(anonymous_78)
FNDA:1,(anonymous_79)
FNDA:0,(anonymous_80)
FNDA:470,(anonymous_81)
FNDA:0,(anonymous_82)
FNDA:0,(anonymous_83)
FNDA:0,(anonymous_84)
FNDA:0,(anonymous_85)
FNDA:0,(anonymous_86)
FNDA:470,(anonymous_87)
FNDA:0,(anonymous_88)
FNDA:0,(anonymous_89)
FNDA:0,(anonymous_90)
FNDA:0,(anonymous_91)
FNDA:0,(anonymous_92)
FNDA:0,(anonymous_93)
DA:14,2
DA:17,2
DA:18,3
DA:23,3
DA:29,2
DA:34,65
DA:35,64
DA:36,54
DA:38,10
DA:42,2
DA:47,62
DA:54,2
DA:59,15
DA:64,54
DA:68,2
DA:69,3
DA:70,3
DA:71,3
DA:81,2
DA:91,2
DA:95,17
DA:96,15
DA:97,15
DA:98,32
DA:99,32
DA:100,30
DA:101,1
DA:103,29
DA:104,1
DA:106,28
DA:107,28
DA:108,27
DA:109,1
DA:111,26
DA:112,26
DA:113,75
DA:114,75
DA:115,1
DA:117,74
DA:118,2
DA:120,72
DA:123,6
DA:124,3
DA:125,3
DA:126,3
DA:127,1
DA:129,2
DA:130,5
DA:131,3
DA:132,1
DA:134,3
DA:135,1
DA:140,3
DA:144,2
DA:148,1
DA:150,2
DA:151,2
DA:152,2
DA:157,2
DA:158,105
DA:159,105
DA:160,105
DA:161,105
DA:162,105
DA:163,105
DA:164,105
DA:165,105
DA:166,105
DA:168,105
DA:169,17
DA:170,17
DA:171,17
DA:172,17
DA:173,17
DA:174,17
DA:175,1
DA:176,1
DA:178,0
DA:180,1
DA:182,16
DA:183,16
DA:184,16
DA:186,17
DA:189,17
DA:192,105
DA:193,4
DA:194,4
DA:195,32
DA:197,4
DA:199,32
DA:200,0
DA:202,0
DA:205,0
DA:206,0
DA:208,0
DA:210,0
DA:212,4
DA:217,105
DA:218,1
DA:219,1
DA:220,7
DA:222,1
DA:223,0
DA:225,0
DA:228,0
DA:229,0
DA:231,0
DA:233,0
DA:235,1
DA:240,105
DA:241,0
DA:242,0
DA:243,0
DA:244,0
DA:246,0
DA:249,0
DA:251,0
DA:253,0
DA:254,0
DA:256,0
DA:258,0
DA:260,0
DA:265,105
DA:266,0
DA:267,0
DA:268,0
DA:273,105
DA:274,1
DA:275,1
DA:276,8
DA:277,1
DA:278,1
DA:279,1
DA:282,1
DA:283,1
DA:284,8
DA:285,0
DA:286,0
DA:288,1
DA:290,1
DA:291,1
DA:293,2
DA:296,2
DA:297,2
DA:299,0
DA:301,1
DA:303,0
DA:308,105
DA:309,2
DA:312,105
DA:313,34
DA:316,105
DA:317,1
DA:318,1
DA:319,7
DA:320,1
DA:325,1
DA:330,105
DA:331,1
DA:332,1
DA:333,7
DA:334,4
DA:340,105
DA:346,32
DA:347,32
DA:348,224
DA:352,128
DA:362,105
DA:363,5
DA:364,5
DA:365,3
DA:366,3
DA:368,2
DA:370,2
DA:371,2
DA:372,2
DA:373,1
DA:374,1
DA:376,1
DA:377,1
DA:378,1
DA:380,2
DA:384,105
DA:385,0
DA:386,0
DA:387,0
DA:388,0
DA:390,0
DA:391,0
DA:393,0
DA:394,0
DA:395,0
DA:396,0
DA:400,0
DA:401,0
DA:402,0
DA:404,0
DA:405,0
DA:406,0
DA:407,0
DA:410,105
DA:411,0
DA:414,105
DA:415,470
DA:418,470
DA:424,470
DA:426,470
DA:431,470
DA:433,1727
DA:440,105
DA:451,0
DA:473,470
DA:483,1
DA:490,4
DA:496,0
DA:508,1
DA:521,7
DA:539,0
DA:549,1727
DA:560,1
DA:568,32
DA:578,0
DA:587,0
DA:601,1
DA:629,0
DA:630,470
DA:637,0
DA:639,0
DA:654,0
DA:655,470
DA:662,0
DA:664,0
DA:688,0
DA:689,0
DA:694,0
LF:235
LH:171
BRDA:23,0,0,1
BRDA:23,0,1,2
BRDA:34,1,0,1
BRDA:34,1,1,64
BRDA:35,2,0,54
BRDA:35,2,1,10
BRDA:35,3,0,64
BRDA:35,3,1,10
BRDA:46,4,0,62
BRDA:95,5,0,2
BRDA:95,5,1,15
BRDA:99,6,0,2
BRDA:99,6,1,30
BRDA:100,7,0,1
BRDA:100,7,1,29
BRDA:101,8,0,1
BRDA:101,8,1,0
BRDA:103,9,0,1
BRDA:103,9,1,28
BRDA:107,10,0,1
BRDA:107,10,1,27
BRDA:108,11,0,1
BRDA:108,11,1,26
BRDA:114,12,0,1
BRDA:114,12,1,74
BRDA:117,13,0,2
BRDA:117,13,1,72
BRDA:123,14,0,3
BRDA:123,14,1,3
BRDA:126,15,0,1
BRDA:126,15,1,2
BRDA:131,16,0,1
BRDA:131,16,1,2
BRDA:134,17,0,1
BRDA:134,17,1,1
BRDA:152,18,0,2
BRDA:152,18,1,1
BRDA:152,19,0,2
BRDA:152,19,1,1
BRDA:169,20,0,0
BRDA:169,20,1,17
BRDA:175,21,0,1
BRDA:175,21,1,0
BRDA:175,22,0,1
BRDA:175,22,1,1
BRDA:180,23,0,1
BRDA:180,23,1,0
BRDA:195,24,0,28
BRDA:195,24,1,4
BRDA:197,25,0,0
BRDA:197,25,1,4
BRDA:197,26,0,0
BRDA:197,26,1,0
BRDA:199,27,0,0
BRDA:199,27,1,32
BRDA:199,28,0,32
BRDA:199,28,1,4
BRDA:199,28,2,0
BRDA:199,28,3,0
BRDA:202,29,0,0
BRDA:202,29,1,0
BRDA:202,29,2,0
BRDA:205,30,0,0
BRDA:205,30,1,0
BRDA:220,31,0,6
BRDA:220,31,1,1
BRDA:222,32,0,0
BRDA:222,32,1,1
BRDA:222,33,0,1
BRDA:222,33,1,0
BRDA:222,33,2,0
BRDA:222,33,3,0
BRDA:225,34,0,0
BRDA:225,34,1,0
BRDA:225,34,2,0
BRDA:228,35,0,0
BRDA:228,35,1,0
BRDA:243,36,0,0
BRDA:243,36,1,0
BRDA:246,37,0,0
BRDA:246,37,1,0
BRDA:246,38,0,0
BRDA:246,38,1,0
BRDA:246,38,2,0
BRDA:246,38,3,0
BRDA:246,38,4,0
BRDA:251,39,0,0
BRDA:251,39,1,0
BRDA:253,40,0,0
BRDA:253,40,1,0
BRDA:268,41,0,0
BRDA:268,41,1,0
BRDA:268,42,0,0
BRDA:268,42,1,0
BRDA:276,43,0,7
BRDA:276,43,1,1
BRDA:278,44,0,1
BRDA:278,44,1,0
BRDA:284,45,0,8
BRDA:284,45,1,7
BRDA:290,46,0,1
BRDA:290,46,1,0
BRDA:290,47,0,1
BRDA:290,47,1,0
BRDA:293,48,0,2
BRDA:293,48,1,2
BRDA:293,48,2,0
BRDA:296,49,0,2
BRDA:296,49,1,0
BRDA:319,50,0,6
BRDA:319,50,1,1
BRDA:333,51,0,1
BRDA:333,51,1,6
BRDA:348,52,0,32
BRDA:348,52,1,192
BRDA:352,53,0,32
BRDA:352,53,1,96
BRDA:353,54,0,0
BRDA:353,54,1,32
BRDA:353,55,0,0
BRDA:353,55,1,0
BRDA:364,56,0,3
BRDA:364,56,1,2
BRDA:368,57,0,0
BRDA:368,57,1,2
BRDA:376,58,0,1
BRDA:376,58,1,0
BRDA:385,59,0,0
BRDA:385,59,1,0
BRDA:385,60,0,0
BRDA:385,60,1,0
BRDA:385,60,2,0
BRDA:385,60,3,0
BRDA:386,61,0,0
BRDA:386,61,1,0
BRDA:394,62,0,0
BRDA:394,62,1,0
BRDA:396,63,0,0
BRDA:396,63,1,0
BRDA:400,64,0,0
BRDA:400,64,1,0
BRDA:424,65,0,470
BRDA:424,65,1,0
BRDA:433,66,0,1727
BRDA:433,66,1,15
BRDA:433,67,0,1727
BRDA:433,67,1,3
BRDA:433,67,2,0
BRDA:460,68,0,105
BRDA:460,68,1,68
BRDA:468,69,0,105
BRDA:468,69,1,34
BRDA:485,70,0,1
BRDA:485,70,1,469
BRDA:538,71,0,470
BRDA:538,71,1,470
BRDA:554,72,0,1727
BRDA:554,72,1,1711
BRDA:569,73,0,3
BRDA:569,73,1,1724
BRDA:577,74,0,1727
BRDA:577,74,1,15
BRDA:586,75,0,1727
BRDA:586,75,1,1727
BRDA:628,76,0,105
BRDA:628,76,1,104
BRDA:636,77,0,105
BRDA:636,77,1,104
BRDA:638,78,0,0
BRDA:638,78,1,104
BRDA:639,79,0,0
BRDA:639,79,1,0
BRDA:653,80,0,105
BRDA:653,80,1,104
BRDA:661,81,0,105
BRDA:661,81,1,104
BRDA:663,82,0,0
BRDA:663,82,1,104
BRDA:664,83,0,0
BRDA:664,83,1,0
BRDA:677,84,0,105
BRDA:677,84,1,0
BRDA:677,84,2,0
BRDA:677,84,3,0
BRDA:677,84,4,0
BRDA:682,85,0,105
BRDA:682,85,1,0
BRDA:707,86,0,105
BRDA:707,86,1,70
BRF:189
BRH:111
end_of_record
TN:
SF:src\pages\Dashboard.tsx
FN:18,(anonymous_0)
FN:26,(anonymous_1)
FN:40,(anonymous_2)
FN:43,(anonymous_3)
FN:45,(anonymous_4)
FN:51,(anonymous_5)
FN:64,(anonymous_6)
FN:79,(anonymous_7)
FN:96,(anonymous_8)
FN:102,(anonymous_9)
FN:121,(anonymous_10)
FN:129,(anonymous_11)
FN:139,(anonymous_12)
FN:148,(anonymous_13)
FN:155,(anonymous_14)
FN:162,(anonymous_15)
FN:228,(anonymous_16)
FN:230,(anonymous_17)
FNF:18
FNH:13
FNDA:21,(anonymous_0)
FNDA:8,(anonymous_1)
FNDA:5,(anonymous_2)
FNDA:1,(anonymous_3)
FNDA:5,(anonymous_4)
FNDA:1,(anonymous_5)
FNDA:1,(anonymous_6)
FNDA:9,(anonymous_7)
FNDA:9,(anonymous_8)
FNDA:9,(anonymous_9)
FNDA:9,(anonymous_10)
FNDA:1,(anonymous_11)
FNDA:0,(anonymous_12)
FNDA:0,(anonymous_13)
FNDA:0,(anonymous_14)
FNDA:1,(anonymous_15)
FNDA:0,(anonymous_16)
FNDA:0,(anonymous_17)
DA:18,1
DA:19,21
DA:20,21
DA:21,21
DA:22,21
DA:24,21
DA:26,21
DA:27,8
DA:28,8
DA:29,8
DA:33,7
DA:34,7
DA:36,1
DA:40,21
DA:41,5
DA:42,5
DA:43,5
DA:44,5
DA:45,5
DA:46,5
DA:47,5
DA:51,21
DA:52,1
DA:53,1
DA:54,1
DA:55,1
DA:56,1
DA:58,0
DA:60,1
DA:64,21
DA:65,1
DA:66,1
DA:67,1
DA:68,1
DA:70,0
DA:74,21
DA:79,9
DA:96,9
DA:103,9
DA:109,9
DA:115,9
DA:122,9
DA:129,1
DA:139,0
DA:148,0
DA:155,0
DA:162,1
DA:176,21
DA:228,0
DA:230,0
LF:50
LH:43
BRDA:36,0,0,1
BRDA:36,0,1,0
BRDA:55,1,0,1
BRDA:55,1,1,0
BRDA:58,2,0,0
BRDA:58,2,1,0
BRDA:70,3,0,0
BRDA:70,3,1,0
BRDA:96,4,0,9
BRDA:96,4,1,0
BRDA:115,5,0,9
BRDA:115,5,1,0
BRDA:115,6,0,9
BRDA:115,6,1,0
BRDA:123,7,0,9
BRDA:123,7,1,7
BRDA:123,7,2,7
BRDA:134,8,0,9
BRDA:134,8,1,7
BRDA:134,8,2,2
BRDA:178,9,0,21
BRDA:178,9,1,1
BRDA:193,10,0,21
BRDA:193,10,1,9
BRDA:202,11,0,21
BRDA:202,11,1,9
BRDA:211,12,0,21
BRDA:211,12,1,20
BRDA:222,13,0,21
BRDA:222,13,1,0
BRDA:230,14,0,0
BRDA:230,14,1,0
BRDA:230,15,0,0
BRDA:230,15,1,0
BRF:34
BRH:20
end_of_record
TN:
SF:src\pages\ImportanceDashboard.tsx
FN:46,buildImportanceChartOption
FN:49,(anonymous_1)
FN:50,(anonymous_2)
FN:51,(anonymous_3)
FN:52,(anonymous_4)
FN:53,(anonymous_5)
FN:59,(anonymous_6)
FN:84,(anonymous_7)
FN:100,buildImportancePieOption
FN:104,(anonymous_9)
FN:105,(anonymous_10)
FN:144,getRhatStatusColor
FN:148,getPriceCoefficientColor
FN:152,buildImportanceTableData
FN:155,(anonymous_14)
FN:156,(anonymous_15)
FN:167,buildWTPTableData
FN:180,(anonymous_17)
FN:181,(anonymous_18)
FN:202,(anonymous_19)
FN:224,(anonymous_20)
FN:232,(anonymous_21)
FN:233,(anonymous_22)
FN:233,(anonymous_23)
FN:240,(anonymous_24)
FN:260,(anonymous_25)
FN:268,(anonymous_26)
FN:277,(anonymous_27)
FN:300,(anonymous_28)
FN:307,(anonymous_29)
FN:327,(anonymous_30)
FN:329,(anonymous_31)
FN:350,(anonymous_32)
FN:360,(anonymous_33)
FN:400,(anonymous_34)
FN:508,(anonymous_35)
FN:509,(anonymous_36)
FN:514,(anonymous_37)
FN:519,(anonymous_38)
FN:524,(anonymous_39)
FN:586,(anonymous_40)
FN:591,(anonymous_41)
FN:596,(anonymous_42)
FN:601,(anonymous_43)
FN:606,(anonymous_44)
FNF:45
FNH:27
FNDA:3,buildImportanceChartOption
FNDA:2,(anonymous_1)
FNDA:4,(anonymous_2)
FNDA:4,(anonymous_3)
FNDA:4,(anonymous_4)
FNDA:4,(anonymous_5)
FNDA:0,(anonymous_6)
FNDA:0,(anonymous_7)
FNDA:2,buildImportancePieOption
FNDA:2,(anonymous_9)
FNDA:4,(anonymous_10)
FNDA:4,getRhatStatusColor
FNDA:4,getPriceCoefficientColor
FNDA:4,buildImportanceTableData
FNDA:2,(anonymous_14)
FNDA:4,(anonymous_15)
FNDA:4,buildWTPTableData
FNDA:1,(anonymous_17)
FNDA:1,(anonymous_18)
FNDA:5,(anonymous_19)
FNDA:1,(anonymous_20)
FNDA:1,(anonymous_21)
FNDA:1,(anonymous_22)
FNDA:0,(anonymous_23)
FNDA:1,(anonymous_24)
FNDA:1,(anonymous_25)
FNDA:1,(anonymous_26)
FNDA:0,(anonymous_27)
FNDA:0,(anonymous_28)
FNDA:0,(anonymous_29)
FNDA:2,(anonymous_30)
FNDA:2,(anonymous_31)
FNDA:0,(anonymous_32)
FNDA:3,(anonymous_33)
FNDA:0,(anonymous_34)
FNDA:0,(anonymous_35)
FNDA:0,(anonymous_36)
FNDA:0,(anonymous_37)
FNDA:0,(anonymous_38)
FNDA:0,(anonymous_39)
FNDA:0,(anonymous_40)
FNDA:0,(anonymous_41)
FNDA:0,(anonymous_42)
FNDA:0,(anonymous_43)
FNDA:0,(anonymous_44)
DA:38,2
DA:39,2
DA:40,2
DA:47,3
DA:49,2
DA:50,4
DA:51,4
DA:52,4
DA:53,4
DA:55,2
DA:60,0
DA:61,0
DA:62,0
DA:63,0
DA:64,0
DA:85,0
DA:86,0
DA:101,2
DA:103,2
DA:104,2
DA:105,4
DA:110,2
DA:145,4
DA:149,4
DA:153,4
DA:154,2
DA:155,2
DA:156,4
DA:168,4
DA:179,2
DA:180,2
DA:181,1
DA:182,1
DA:195,2
DA:202,2
DA:203,5
DA:213,5
DA:216,5
DA:217,5
DA:218,5
DA:219,5
DA:220,5
DA:221,5
DA:224,5
DA:225,1
DA:226,1
DA:227,1
DA:228,1
DA:232,5
DA:233,1
DA:240,5
DA:241,1
DA:242,1
DA:243,1
DA:244,1
DA:245,1
DA:250,1
DA:251,1
DA:252,1
DA:254,0
DA:256,1
DA:260,5
DA:261,1
DA:268,5
DA:269,1
DA:270,1
DA:271,0
DA:272,0
DA:274,1
DA:277,0
DA:278,0
DA:279,0
DA:280,0
DA:281,0
DA:282,0
DA:284,0
DA:285,0
DA:290,0
DA:299,0
DA:300,0
DA:307,5
DA:308,0
DA:309,0
DA:310,0
DA:311,0
DA:312,0
DA:313,0
DA:314,0
DA:315,0
DA:317,0
DA:319,0
DA:327,5
DA:329,5
DA:335,5
DA:337,5
DA:351,0
DA:352,0
DA:353,0
DA:354,0
DA:355,0
DA:356,0
DA:361,3
DA:400,0
DA:508,0
DA:509,0
DA:514,0
DA:519,0
DA:524,0
DA:586,0
DA:591,0
DA:596,0
DA:601,0
DA:606,0
LF:113
LH:65
BRDA:47,0,0,1
BRDA:47,0,1,2
BRDA:47,1,0,3
BRDA:47,1,1,2
BRDA:52,2,0,4
BRDA:52,2,1,0
BRDA:53,3,0,4
BRDA:53,3,1,0
BRDA:101,4,0,0
BRDA:101,4,1,2
BRDA:101,5,0,2
BRDA:101,5,1,2
BRDA:145,6,0,1
BRDA:145,6,1,3
BRDA:149,7,0,2
BRDA:149,7,1,2
BRDA:153,8,0,2
BRDA:153,8,1,2
BRDA:168,9,0,2
BRDA:168,9,1,2
BRDA:227,10,0,1
BRDA:227,10,1,0
BRDA:228,11,0,1
BRDA:228,11,1,0
BRDA:241,12,0,0
BRDA:241,12,1,1
BRDA:241,13,0,1
BRDA:241,13,1,1
BRDA:254,14,0,0
BRDA:254,14,1,0
BRDA:269,15,0,1
BRDA:269,15,1,0
BRDA:270,16,0,0
BRDA:270,16,1,1
BRDA:282,17,0,0
BRDA:282,17,1,0
BRDA:282,18,0,0
BRDA:282,18,1,0
BRDA:285,19,0,0
BRDA:285,19,1,0
BRDA:286,20,0,0
BRDA:286,20,1,0
BRDA:286,20,2,0
BRDA:308,21,0,0
BRDA:308,21,1,0
BRDA:317,22,0,0
BRDA:317,22,1,0
BRDA:335,23,0,5
BRDA:335,23,1,1
BRDA:349,24,0,5
BRDA:349,24,1,0
BRDA:356,25,0,0
BRDA:356,25,1,0
BRDA:367,26,0,5
BRDA:367,26,1,5
BRDA:378,27,0,5
BRDA:378,27,1,5
BRDA:384,28,0,5
BRDA:384,28,1,0
BRDA:392,29,0,5
BRDA:392,29,1,0
BRDA:405,30,0,5
BRDA:405,30,1,1
BRDA:417,31,0,0
BRDA:417,31,1,1
BRDA:442,32,0,1
BRDA:442,32,1,0
BRDA:444,33,0,1
BRDA:444,33,1,0
BRDA:449,34,0,1
BRDA:449,34,1,0
BRDA:461,35,0,5
BRDA:461,35,1,2
BRDA:462,36,0,4
BRDA:462,36,1,1
BRDA:462,37,0,5
BRDA:462,37,1,4
BRDA:465,38,0,4
BRDA:465,38,1,0
BRDA:533,39,0,1
BRDA:533,39,1,1
BRDA:544,40,0,1
BRDA:544,40,1,0
BRF:83
BRH:49
end_of_record
TN:
SF:src\pages\InterviewLab.tsx
FN:17,(anonymous_0)
FN:33,(anonymous_1)
FN:45,(anonymous_2)
FN:49,(anonymous_3)
FN:50,(anonymous_4)
FN:52,(anonymous_5)
FN:63,(anonymous_6)
FN:80,(anonymous_7)
FN:85,(anonymous_8)
FN:101,(anonymous_9)
FN:102,(anonymous_10)
FN:102,(anonymous_11)
FN:105,(anonymous_12)
FN:106,(anonymous_13)
FN:109,(anonymous_14)
FN:110,(anonymous_15)
FN:110,(anonymous_16)
FN:122,(anonymous_17)
FN:127,(anonymous_18)
FN:140,(anonymous_19)
FN:150,(anonymous_20)
FN:157,(anonymous_21)
FN:163,(anonymous_22)
FN:189,(anonymous_23)
FNF:24
FNH:20
FNDA:20,(anonymous_0)
FNDA:3,(anonymous_1)
FNDA:3,(anonymous_2)
FNDA:2,(anonymous_3)
FNDA:2,(anonymous_4)
FNDA:2,(anonymous_5)
FNDA:1,(anonymous_6)
FNDA:1,(anonymous_7)
FNDA:1,(anonymous_8)
FNDA:1,(anonymous_9)
FNDA:1,(anonymous_10)
FNDA:1,(anonymous_11)
FNDA:1,(anonymous_12)
FNDA:1,(anonymous_13)
FNDA:0,(anonymous_14)
FNDA:0,(anonymous_15)
FNDA:0,(anonymous_16)
FNDA:11,(anonymous_17)
FNDA:2,(anonymous_18)
FNDA:1,(anonymous_19)
FNDA:8,(anonymous_20)
FNDA:1,(anonymous_21)
FNDA:0,(anonymous_22)
FNDA:2,(anonymous_23)
DA:6,1
DA:7,1
DA:17,1
DA:18,20
DA:19,20
DA:20,20
DA:23,20
DA:26,20
DA:29,20
DA:30,20
DA:31,20
DA:33,20
DA:34,3
DA:35,3
DA:36,3
DA:37,3
DA:39,0
DA:41,3
DA:45,20
DA:46,3
DA:49,20
DA:50,2
DA:51,2
DA:52,2
DA:59,2
DA:63,20
DA:64,1
DA:65,0
DA:66,0
DA:68,1
DA:69,1
DA:70,1
DA:71,1
DA:72,1
DA:74,0
DA:76,1
DA:80,20
DA:81,1
DA:82,0
DA:83,0
DA:85,1
DA:86,1
DA:87,0
DA:88,0
DA:90,1
DA:91,1
DA:92,1
DA:93,1
DA:95,0
DA:97,1
DA:101,20
DA:102,1
DA:105,20
DA:106,1
DA:109,20
DA:110,0
DA:113,20
DA:122,11
DA:127,2
DA:140,1
DA:151,8
DA:157,1
DA:163,0
DA:190,2
LF:64
LH:53
BRDA:64,0,0,0
BRDA:64,0,1,1
BRDA:64,1,0,1
BRDA:64,1,1,1
BRDA:74,2,0,0
BRDA:74,2,1,0
BRDA:81,3,0,0
BRDA:81,3,1,1
BRDA:86,4,0,0
BRDA:86,4,1,1
BRDA:95,5,0,0
BRDA:95,5,1,0
BRDA:102,6,0,1
BRDA:102,6,1,0
BRDA:134,7,0,13
BRDA:134,7,1,7
BRDA:162,8,0,8
BRDA:162,8,1,2
BRDA:184,9,0,20
BRDA:184,9,1,2
BRDA:199,10,0,2
BRDA:199,10,1,1
BRF:22
BRH:14
end_of_record
TN:
SF:src\pages\MarketSimulator.tsx
FN:62,buildDefaultScenario
FN:64,(anonymous_1)
FN:80,buildSharePieOption
FN:95,(anonymous_3)
FN:104,buildShareBarOption
FN:109,(anonymous_5)
FN:111,(anonymous_6)
FN:119,(anonymous_7)
FN:127,(anonymous_8)
FN:129,(anonymous_9)
FN:141,buildScenarioName
FN:146,validateScenarios
FN:155,(anonymous_12)
FN:176,(anonymous_13)
FN:184,(anonymous_14)
FN:185,(anonymous_15)
FN:185,(anonymous_16)
FN:189,(anonymous_17)
FN:196,(anonymous_18)
FN:199,(anonymous_19)
FN:204,(anonymous_20)
FN:206,(anonymous_21)
FN:211,(anonymous_22)
FN:221,(anonymous_23)
FN:229,(anonymous_24)
FN:232,(anonymous_25)
FN:241,(anonymous_26)
FN:242,(anonymous_27)
FN:242,(anonymous_28)
FN:245,(anonymous_29)
FN:246,(anonymous_30)
FN:247,(anonymous_31)
FN:261,(anonymous_32)
FN:296,(anonymous_33)
FN:297,(anonymous_34)
FN:302,(anonymous_35)
FN:307,(anonymous_36)
FN:311,(anonymous_37)
FN:320,(anonymous_38)
FN:328,(anonymous_39)
FN:341,(anonymous_40)
FN:344,(anonymous_41)
FN:372,(anonymous_42)
FN:380,(anonymous_43)
FN:391,(anonymous_44)
FN:394,(anonymous_45)
FN:409,(anonymous_46)
FN:418,(anonymous_47)
FN:461,(anonymous_48)
FN:467,(anonymous_49)
FN:471,(anonymous_50)
FN:479,(anonymous_51)
FN:522,(anonymous_52)
FNF:53
FNH:36
FNDA:18,buildDefaultScenario
FNDA:42,(anonymous_1)
FNDA:3,buildSharePieOption
FNDA:6,(anonymous_3)
FNDA:3,buildShareBarOption
FNDA:0,(anonymous_5)
FNDA:0,(anonymous_6)
FNDA:5,(anonymous_7)
FNDA:5,(anonymous_8)
FNDA:0,(anonymous_9)
FNDA:6,buildScenarioName
FNDA:6,validateScenarios
FNDA:37,(anonymous_12)
FNDA:8,(anonymous_13)
FNDA:8,(anonymous_14)
FNDA:8,(anonymous_15)
FNDA:0,(anonymous_16)
FNDA:8,(anonymous_17)
FNDA:7,(anonymous_18)
FNDA:7,(anonymous_19)
FNDA:1,(anonymous_20)
FNDA:1,(anonymous_21)
FNDA:8,(anonymous_22)
FNDA:8,(anonymous_23)
FNDA:1,(anonymous_24)
FNDA:1,(anonymous_25)
FNDA:0,(anonymous_26)
FNDA:0,(anonymous_27)
FNDA:0,(anonymous_28)
FNDA:5,(anonymous_29)
FNDA:5,(anonymous_30)
FNDA:10,(anonymous_31)
FNDA:2,(anonymous_32)
FNDA:2,(anonymous_33)
FNDA:0,(anonymous_34)
FNDA:2,(anonymous_35)
FNDA:2,(anonymous_36)
FNDA:2,(anonymous_37)
FNDA:76,(anonymous_38)
FNDA:0,(anonymous_39)
FNDA:0,(anonymous_40)
FNDA:90,(anonymous_41)
FNDA:0,(anonymous_42)
FNDA:37,(anonymous_43)
FNDA:0,(anonymous_44)
FNDA:0,(anonymous_45)
FNDA:0,(anonymous_46)
FNDA:0,(anonymous_47)
FNDA:36,(anonymous_48)
FNDA:5,(anonymous_49)
FNDA:76,(anonymous_50)
FNDA:0,(anonymous_51)
FNDA:0,(anonymous_52)
DA:46,2
DA:47,2
DA:53,2
DA:63,18
DA:64,18
DA:65,42
DA:66,19
DA:67,23
DA:68,22
DA:70,1
DA:73,18
DA:81,3
DA:95,6
DA:105,3
DA:110,0
DA:111,0
DA:112,0
DA:113,0
DA:119,5
DA:127,5
DA:130,0
DA:131,0
DA:142,6
DA:143,6
DA:147,6
DA:148,4
DA:155,2
DA:156,37
DA:163,37
DA:166,37
DA:167,37
DA:168,37
DA:169,37
DA:170,37
DA:171,37
DA:172,37
DA:173,37
DA:176,37
DA:177,8
DA:178,8
DA:179,8
DA:180,8
DA:184,37
DA:185,8
DA:189,37
DA:190,8
DA:191,0
DA:192,0
DA:193,0
DA:195,8
DA:197,7
DA:198,7
DA:199,7
DA:200,7
DA:201,7
DA:205,1
DA:206,1
DA:211,37
DA:212,8
DA:213,8
DA:214,8
DA:215,8
DA:217,0
DA:221,37
DA:222,8
DA:229,37
DA:230,1
DA:231,1
DA:232,1
DA:241,37
DA:242,0
DA:245,37
DA:246,5
DA:247,5
DA:248,10
DA:249,5
DA:250,5
DA:252,0
DA:261,37
DA:262,2
DA:263,0
DA:264,0
DA:266,2
DA:267,2
DA:268,0
DA:269,0
DA:271,2
DA:272,2
DA:273,2
DA:274,2
DA:279,1
DA:281,1
DA:283,2
DA:291,37
DA:296,2
DA:297,0
DA:302,2
DA:307,2
DA:312,2
DA:320,37
DA:321,76
DA:322,76
DA:323,36
DA:328,0
DA:336,40
DA:341,0
DA:345,90
DA:357,37
DA:359,37
DA:373,0
DA:374,0
DA:375,0
DA:376,0
DA:381,37
DA:392,0
DA:393,0
DA:394,0
DA:395,0
DA:396,0
DA:397,0
DA:398,0
DA:409,0
DA:418,0
DA:462,36
DA:467,5
DA:472,76
DA:479,0
DA:522,0
LF:128
LH:94
BRDA:65,0,0,19
BRDA:65,0,1,23
BRDA:65,1,0,42
BRDA:65,1,1,24
BRDA:66,2,0,18
BRDA:66,2,1,1
BRDA:67,3,0,22
BRDA:67,3,1,1
BRDA:112,4,0,0
BRDA:112,4,1,0
BRDA:120,5,0,0
BRDA:120,5,1,3
BRDA:147,6,0,2
BRDA:147,6,1,4
BRDA:179,7,0,8
BRDA:179,7,1,0
BRDA:180,8,0,8
BRDA:180,8,1,0
BRDA:190,9,0,0
BRDA:190,9,1,8
BRDA:197,10,0,7
BRDA:197,10,1,0
BRDA:200,11,0,0
BRDA:200,11,1,7
BRDA:206,12,0,0
BRDA:206,12,1,1
BRDA:212,13,0,0
BRDA:212,13,1,8
BRDA:212,14,0,8
BRDA:212,14,1,8
BRDA:231,15,0,0
BRDA:231,15,1,1
BRDA:248,16,0,5
BRDA:248,16,1,5
BRDA:249,17,0,5
BRDA:249,17,1,0
BRDA:262,18,0,0
BRDA:262,18,1,2
BRDA:262,19,0,2
BRDA:262,19,1,2
BRDA:267,20,0,0
BRDA:267,20,1,2
BRDA:281,21,0,1
BRDA:281,21,1,0
BRDA:322,22,0,36
BRDA:322,22,1,40
BRDA:322,23,0,76
BRDA:322,23,1,40
BRDA:327,24,0,36
BRDA:327,24,1,0
BRDA:328,25,0,0
BRDA:328,25,1,0
BRDA:330,26,0,36
BRDA:330,26,1,0
BRDA:331,27,0,36
BRDA:331,27,1,0
BRDA:357,28,0,37
BRDA:357,28,1,37
BRDA:357,28,2,37
BRDA:371,29,0,37
BRDA:371,29,1,0
BRDA:376,30,0,0
BRDA:376,30,1,0
BRDA:390,31,0,37
BRDA:390,31,1,0
BRDA:396,32,0,0
BRDA:396,32,1,0
BRDA:417,33,0,37
BRDA:417,33,1,0
BRDA:426,34,0,37
BRDA:426,34,1,18
BRDA:429,35,0,18
BRDA:429,35,1,0
BRDA:430,36,0,18
BRDA:430,36,1,0
BRDA:491,37,0,36
BRDA:491,37,1,18
BRDA:506,38,0,37
BRDA:506,38,1,20
BRDA:514,39,0,37
BRDA:514,39,1,1
BRDA:527,40,0,37
BRDA:527,40,1,1
BRDA:563,41,0,37
BRDA:563,41,1,36
BRDA:563,41,2,34
BRDA:563,41,3,33
BRF:87
BRH:58
end_of_record
TN:
SF:src\pages\PersonaDetail.tsx
FN:10,(anonymous_0)
FN:16,(anonymous_1)
FN:20,(anonymous_2)
FN:21,(anonymous_3)
FN:24,(anonymous_4)
FN:31,(anonymous_5)
FN:47,(anonymous_6)
FN:52,(anonymous_7)
FN:74,(anonymous_8)
FN:165,(anonymous_9)
FN:202,(anonymous_10)
FNF:11
FNH:8
FNDA:6,(anonymous_0)
FNDA:3,(anonymous_1)
FNDA:3,(anonymous_2)
FNDA:0,(anonymous_3)
FNDA:3,(anonymous_4)
FNDA:1,(anonymous_5)
FNDA:0,(anonymous_6)
FNDA:2,(anonymous_7)
FNDA:0,(anonymous_8)
FNDA:2,(anonymous_9)
FNDA:1,(anonymous_10)
DA:8,1
DA:10,1
DA:11,6
DA:12,6
DA:13,6
DA:14,6
DA:16,6
DA:17,3
DA:18,3
DA:19,3
DA:20,3
DA:22,0
DA:24,3
DA:27,6
DA:28,3
DA:31,3
DA:32,1
DA:33,1
DA:34,1
DA:35,1
DA:36,1
DA:38,0
DA:42,3
DA:43,1
DA:47,0
DA:52,2
DA:53,2
DA:55,2
DA:61,2
DA:62,6
DA:63,6
DA:64,6
DA:65,6
DA:66,6
DA:68,6
DA:74,0
DA:166,2
DA:167,2
DA:168,1
DA:169,2
DA:202,1
LF:41
LH:37
BRDA:17,0,0,0
BRDA:17,0,1,3
BRDA:22,1,0,0
BRDA:22,1,1,0
BRDA:27,2,0,3
BRDA:27,2,1,3
BRDA:32,3,0,0
BRDA:32,3,1,1
BRDA:38,4,0,0
BRDA:38,4,1,0
BRDA:42,5,0,1
BRDA:42,5,1,2
BRDA:53,6,0,0
BRDA:53,6,1,2
BRDA:53,7,0,0
BRDA:53,7,1,2
BRDA:53,8,0,1
BRDA:53,8,1,1
BRDA:53,9,0,1
BRDA:53,9,1,0
BRDA:61,10,0,2
BRDA:61,10,1,1
BRDA:62,11,0,6
BRDA:62,11,1,1
BRDA:63,12,0,6
BRDA:63,12,1,1
BRDA:64,13,0,6
BRDA:64,13,1,1
BRDA:65,14,0,6
BRDA:65,14,1,1
BRDA:66,15,0,6
BRDA:66,15,1,1
BRDA:99,16,0,6
BRDA:99,16,1,0
BRDA:103,17,0,6
BRDA:103,17,1,0
BRDA:109,18,0,6
BRDA:109,18,1,1
BRDA:109,19,0,6
BRDA:109,19,1,1
BRDA:121,20,0,6
BRDA:121,20,1,1
BRDA:122,21,0,6
BRDA:122,21,1,1
BRDA:123,22,0,6
BRDA:123,22,1,1
BRDA:124,23,0,6
BRDA:124,23,1,1
BRDA:125,24,0,6
BRDA:125,24,1,1
BRDA:126,25,0,6
BRDA:126,25,1,1
BRDA:127,26,0,6
BRDA:127,26,1,1
BRDA:128,27,0,6
BRDA:128,27,1,1
BRDA:137,28,0,6
BRDA:137,28,1,1
BRDA:139,29,0,1
BRDA:139,29,1,1
BRDA:141,30,0,1
BRDA:141,30,1,1
BRDA:143,31,0,6
BRDA:143,31,1,1
BRDA:144,32,0,6
BRDA:144,32,1,1
BRDA:146,33,0,1
BRDA:146,33,1,1
BRDA:148,34,0,1
BRDA:148,34,1,1
BRDA:159,35,0,1
BRDA:159,35,1,1
BRDA:159,36,0,1
BRDA:159,36,1,1
BRDA:162,37,0,1
BRDA:162,37,1,1
BRDA:162,38,0,1
BRDA:162,38,1,1
BRDA:167,39,0,1
BRDA:167,39,1,1
BRDA:168,40,0,1
BRDA:168,40,1,0
BRDA:168,41,0,0
BRDA:168,41,1,0
BRDA:173,42,0,2
BRDA:173,42,1,0
BRDA:179,43,0,6
BRDA:179,43,1,1
BRDA:180,44,0,6
BRDA:180,44,1,1
BRDA:189,45,0,6
BRDA:189,45,1,1
BRDA:190,46,0,6
BRDA:190,46,1,1
BRDA:191,47,0,6
BRDA:191,47,1,1
BRDA:192,48,0,6
BRDA:192,48,1,1
BRDA:201,49,0,1
BRDA:201,49,1,1
BRDA:201,50,0,6
BRDA:201,50,1,1
BRDA:215,51,0,1
BRDA:215,51,1,1
BRDA:217,52,0,1
BRDA:217,52,1,1
BRDA:220,53,0,1
BRDA:220,53,1,1
BRDA:222,54,0,1
BRDA:222,54,1,1
BRDA:225,55,0,1
BRDA:225,55,1,1
BRDA:227,56,0,1
BRDA:227,56,1,1
BRF:114
BRH:99
end_of_record
TN:
SF:src\pages\PersonaManager.tsx
FN:8,(anonymous_0)
FN:19,(anonymous_1)
FN:32,(anonymous_2)
FN:36,(anonymous_3)
FN:46,(anonymous_4)
FN:69,(anonymous_5)
FN:95,(anonymous_6)
FN:102,(anonymous_7)
FN:115,(anonymous_8)
FN:117,(anonymous_9)
FN:123,(anonymous_10)
FN:143,(anonymous_11)
FN:161,(anonymous_12)
FN:173,(anonymous_13)
FNF:14
FNH:11
FNDA:15,(anonymous_0)
FNDA:5,(anonymous_1)
FNDA:3,(anonymous_2)
FNDA:1,(anonymous_3)
FNDA:1,(anonymous_4)
FNDA:4,(anonymous_5)
FNDA:4,(anonymous_6)
FNDA:4,(anonymous_7)
FNDA:4,(anonymous_8)
FNDA:0,(anonymous_9)
FNDA:1,(anonymous_10)
FNDA:1,(anonymous_11)
FNDA:0,(anonymous_12)
FNDA:0,(anonymous_13)
DA:8,1
DA:9,15
DA:10,15
DA:11,15
DA:12,15
DA:13,15
DA:14,15
DA:15,15
DA:16,15
DA:17,15
DA:19,15
DA:20,5
DA:21,5
DA:22,5
DA:23,5
DA:24,5
DA:26,0
DA:28,5
DA:32,15
DA:33,3
DA:36,15
DA:37,1
DA:38,1
DA:39,1
DA:40,1
DA:42,0
DA:46,15
DA:47,1
DA:48,1
DA:49,1
DA:53,1
DA:54,1
DA:55,1
DA:56,1
DA:58,0
DA:60,1
DA:64,15
DA:69,4
DA:96,4
DA:103,4
DA:109,4
DA:116,4
DA:117,0
DA:123,1
DA:137,15
DA:143,1
DA:162,0
DA:163,0
DA:173,0
LF:49
LH:42
BRDA:19,0,0,5
BRDA:19,1,0,5
BRDA:26,2,0,0
BRDA:26,2,1,0
BRDA:42,3,0,0
BRDA:42,3,1,0
BRDA:53,4,0,1
BRDA:53,4,1,0
BRDA:58,5,0,0
BRDA:58,5,1,0
BRDA:96,6,0,3
BRDA:96,6,1,1
BRDA:96,7,0,1
BRDA:96,7,1,0
BRDA:96,8,0,0
BRDA:96,8,1,0
BRDA:109,9,0,4
BRDA:109,9,1,0
BRDA:163,10,0,0
BRDA:163,10,1,0
BRF:20
BRH:7
end_of_record
TN:
SF:src\pages\QuestionnaireConfig.tsx
FN:25,(anonymous_0)
FN:33,(anonymous_1)
FN:38,(anonymous_2)
FN:46,(anonymous_3)
FN:58,(anonymous_4)
FN:59,(anonymous_5)
FN:60,(anonymous_6)
FN:68,(anonymous_7)
FN:69,(anonymous_8)
FN:76,(anonymous_9)
FN:77,(anonymous_10)
FN:86,(anonymous_11)
FN:90,(anonymous_12)
FN:104,(anonymous_13)
FN:114,(anonymous_14)
FN:132,(anonymous_15)
FN:151,(anonymous_16)
FN:157,(anonymous_17)
FN:169,(anonymous_18)
FN:176,(anonymous_19)
FN:190,(anonymous_20)
FN:196,(anonymous_21)
FN:206,(anonymous_22)
FN:214,(anonymous_23)
FN:228,(anonymous_24)
FN:246,(anonymous_25)
FN:255,(anonymous_26)
FN:259,(anonymous_27)
FN:286,(anonymous_28)
FN:297,(anonymous_29)
FN:298,(anonymous_30)
FN:302,(anonymous_31)
FNF:32
FNH:26
FNDA:14,(anonymous_0)
FNDA:4,(anonymous_1)
FNDA:4,(anonymous_2)
FNDA:4,(anonymous_3)
FNDA:2,(anonymous_4)
FNDA:2,(anonymous_5)
FNDA:2,(anonymous_6)
FNDA:1,(anonymous_7)
FNDA:1,(anonymous_8)
FNDA:1,(anonymous_9)
FNDA:1,(anonymous_10)
FNDA:3,(anonymous_11)
FNDA:1,(anonymous_12)
FNDA:1,(anonymous_13)
FNDA:8,(anonymous_14)
FNDA:8,(anonymous_15)
FNDA:8,(anonymous_16)
FNDA:8,(anonymous_17)
FNDA:8,(anonymous_18)
FNDA:8,(anonymous_19)
FNDA:8,(anonymous_20)
FNDA:0,(anonymous_21)
FNDA:1,(anonymous_22)
FNDA:1,(anonymous_23)
FNDA:0,(anonymous_24)
FNDA:0,(anonymous_25)
FNDA:0,(anonymous_26)
FNDA:0,(anonymous_27)
FNDA:0,(anonymous_28)
FNDA:32,(anonymous_29)
FNDA:11,(anonymous_30)
FNDA:16,(anonymous_31)
DA:15,1
DA:16,1
DA:25,1
DA:26,14
DA:27,14
DA:28,14
DA:29,14
DA:31,14
DA:33,14
DA:34,4
DA:35,4
DA:36,4
DA:37,4
DA:38,4
DA:44,4
DA:46,4
DA:47,4
DA:48,1
DA:52,0
DA:54,4
DA:58,14
DA:59,2
DA:60,2
DA:61,2
DA:66,2
DA:67,2
DA:68,1
DA:69,1
DA:70,1
DA:76,1
DA:77,1
DA:78,1
DA:86,14
DA:87,3
DA:90,14
DA:91,1
DA:92,1
DA:93,1
DA:94,1
DA:96,1
DA:98,0
DA:100,1
DA:104,14
DA:105,1
DA:106,1
DA:107,1
DA:108,1
DA:110,0
DA:114,14
DA:115,8
DA:122,8
DA:123,8
DA:126,14
DA:132,8
DA:151,8
DA:158,8
DA:159,7
DA:160,1
DA:162,6
DA:170,8
DA:177,8
DA:178,8
DA:179,1
DA:191,8
DA:196,0
DA:206,1
DA:214,1
DA:228,14
DA:229,0
DA:230,0
DA:232,0
DA:233,0
DA:247,0
DA:256,0
DA:260,0
DA:278,14
DA:286,0
DA:297,32
DA:298,11
DA:302,16
LF:80
LH:68
BRDA:41,0,0,4
BRDA:41,0,1,3
BRDA:47,1,0,1
BRDA:47,1,1,3
BRDA:52,2,0,0
BRDA:52,2,1,0
BRDA:61,3,0,2
BRDA:61,3,1,0
BRDA:70,4,0,1
BRDA:70,4,1,0
BRDA:78,5,0,1
BRDA:78,5,1,0
BRDA:94,6,0,1
BRDA:94,6,1,0
BRDA:98,7,0,0
BRDA:98,7,1,0
BRDA:110,8,0,0
BRDA:110,8,1,0
BRDA:122,9,0,8
BRDA:122,9,1,7
BRDA:158,10,0,1
BRDA:158,10,1,7
BRDA:159,11,0,1
BRDA:159,11,1,6
BRDA:170,12,0,8
BRDA:170,12,1,7
BRDA:178,13,0,7
BRDA:178,13,1,1
BRDA:178,14,0,8
BRDA:178,14,1,8
BRDA:180,15,0,1
BRDA:180,15,1,0
BRDA:180,16,0,0
BRDA:180,16,1,0
BRDA:200,17,0,8
BRDA:200,17,1,7
BRDA:229,18,0,0
BRDA:229,18,1,0
BRDA:240,19,0,0
BRDA:240,19,1,0
BRDA:241,20,0,0
BRDA:241,20,1,0
BRDA:256,21,0,0
BRDA:256,21,1,0
BRDA:259,22,0,0
BRDA:259,22,1,0
BRDA:284,23,0,14
BRDA:284,23,1,0
BRF:48
BRH:24
end_of_record
TN:
SF:src\pages\QuestionnairePreview.tsx
FN:7,(anonymous_0)
FN:13,(anonymous_1)
FN:15,(anonymous_2)
FN:49,(anonymous_3)
FN:60,(anonymous_4)
FN:61,(anonymous_5)
FNF:6
FNH:6
FNDA:6,(anonymous_0)
FNDA:2,(anonymous_1)
FNDA:2,(anonymous_2)
FNDA:1,(anonymous_3)
FNDA:2,(anonymous_4)
FNDA:2,(anonymous_5)
DA:7,1
DA:8,6
DA:9,6
DA:10,6
DA:11,6
DA:13,6
DA:14,2
DA:15,2
DA:16,2
DA:17,2
DA:18,2
DA:19,2
DA:20,1
DA:22,1
DA:24,2
DA:27,2
DA:30,6
DA:31,1
DA:34,5
DA:50,1
DA:60,2
DA:61,2
LF:22
LH:22
BRDA:14,0,0,0
BRDA:14,0,1,2
BRDA:22,1,0,1
BRDA:22,1,1,0
BRDA:30,2,0,1
BRDA:30,2,1,5
BRDA:36,3,0,5
BRDA:36,3,1,1
BRDA:41,4,0,1
BRDA:41,4,1,0
BRDA:44,5,0,0
BRDA:44,5,1,1
BRDA:61,6,0,1
BRDA:61,6,1,0
BRF:14
BRH:9
end_of_record
TN:
SF:src\pages\ResponseSimulator.tsx
FN:9,(anonymous_0)
FN:22,(anonymous_1)
FN:23,(anonymous_2)
FN:37,(anonymous_3)
FN:64,(anonymous_4)
FN:97,(anonymous_5)
FN:114,(anonymous_6)
FN:122,(anonymous_7)
FNF:8
FNH:6
FNDA:14,(anonymous_0)
FNDA:3,(anonymous_1)
FNDA:3,(anonymous_2)
FNDA:1,(anonymous_3)
FNDA:1,(anonymous_4)
FNDA:8,(anonymous_5)
FNDA:0,(anonymous_6)
FNDA:0,(anonymous_7)
DA:7,1
DA:9,1
DA:10,14
DA:11,14
DA:12,14
DA:13,14
DA:14,14
DA:15,14
DA:16,14
DA:17,14
DA:18,14
DA:19,14
DA:20,14
DA:22,14
DA:23,3
DA:24,3
DA:25,3
DA:26,3
DA:27,3
DA:29,0
DA:31,3
DA:34,3
DA:37,14
DA:38,1
DA:39,0
DA:40,0
DA:42,1
DA:43,1
DA:44,1
DA:45,1
DA:46,1
DA:51,1
DA:52,1
DA:53,1
DA:54,1
DA:56,0
DA:57,0
DA:58,0
DA:60,1
DA:64,14
DA:65,1
DA:66,1
DA:67,1
DA:68,1
DA:69,1
DA:71,0
DA:73,1
DA:77,14
DA:97,8
DA:114,0
DA:122,0
LF:51
LH:42
BRDA:38,0,0,0
BRDA:38,0,1,1
BRDA:38,1,0,1
BRDA:38,1,1,1
BRDA:51,2,0,0
BRDA:51,2,1,1
BRDA:53,3,0,1
BRDA:53,3,1,0
BRDA:53,4,0,1
BRDA:53,4,1,1
BRDA:54,5,0,1
BRDA:54,5,1,0
BRDA:56,6,0,0
BRDA:56,6,1,0
BRDA:65,7,0,0
BRDA:65,7,1,1
BRDA:79,8,0,14
BRDA:79,8,1,0
BRDA:122,9,0,0
BRDA:122,9,1,0
BRDA:131,10,0,14
BRDA:131,10,1,1
BRDA:138,11,0,14
BRDA:138,11,1,1
BRF:24
BRH:14
end_of_record
TN:
SF:src\pages\SegmentComparison.tsx
FN:7,(anonymous_0)
FN:19,(anonymous_1)
FN:20,(anonymous_2)
FN:25,(anonymous_3)
FN:26,(anonymous_4)
FN:42,(anonymous_5)
FN:69,(anonymous_6)
FN:75,(anonymous_7)
FN:81,(anonymous_8)
FN:87,(anonymous_9)
FN:93,(anonymous_10)
FN:99,(anonymous_11)
FN:113,(anonymous_12)
FN:119,(anonymous_13)
FN:127,(anonymous_14)
FN:140,(anonymous_15)
FNF:16
FNH:7
FNDA:34,(anonymous_0)
FNDA:21,(anonymous_1)
FNDA:36,(anonymous_2)
FNDA:11,(anonymous_3)
FNDA:11,(anonymous_4)
FNDA:0,(anonymous_5)
FNDA:0,(anonymous_6)
FNDA:0,(anonymous_7)
FNDA:0,(anonymous_8)
FNDA:0,(anonymous_9)
FNDA:0,(anonymous_10)
FNDA:0,(anonymous_11)
FNDA:21,(anonymous_12)
FNDA:12,(anonymous_13)
FNDA:0,(anonymous_14)
FNDA:0,(anonymous_15)
DA:7,1
DA:8,34
DA:9,34
DA:10,34
DA:11,34
DA:12,34
DA:13,34
DA:14,34
DA:15,34
DA:16,34
DA:19,34
DA:20,36
DA:25,34
DA:26,11
DA:27,11
DA:28,11
DA:29,11
DA:31,11
DA:32,11
DA:33,6
DA:36,0
DA:39,11
DA:42,34
DA:43,0
DA:44,0
DA:45,0
DA:47,0
DA:48,0
DA:49,0
DA:50,0
DA:51,0
DA:52,0
DA:54,0
DA:55,0
DA:56,0
DA:58,0
DA:62,34
DA:69,0
DA:75,0
DA:81,0
DA:87,0
DA:93,0
DA:99,0
DA:103,34
DA:113,21
DA:119,12
DA:127,0
DA:140,0
LF:48
LH:26
BRDA:20,0,0,34
BRDA:20,0,1,16
BRDA:32,1,0,6
BRDA:32,1,1,5
BRDA:43,2,0,0
BRDA:43,2,1,0
BRDA:43,3,0,0
BRDA:43,3,1,0
BRDA:43,3,2,0
BRDA:43,3,3,0
BRDA:54,4,0,0
BRDA:54,4,1,0
BRDA:81,5,0,0
BRDA:81,5,1,0
BRDA:90,6,0,34
BRDA:90,6,1,34
BRDA:96,7,0,34
BRDA:96,7,1,34
BRDA:106,8,0,34
BRDA:106,8,1,0
BRDA:125,9,0,18
BRDA:125,9,1,16
BRDA:126,10,0,0
BRDA:126,10,1,34
BRDA:127,11,0,0
BRDA:127,11,1,0
BRDA:127,12,0,0
BRDA:127,12,1,0
BRDA:134,13,0,24
BRDA:134,13,1,10
BRDA:138,14,0,18
BRDA:138,14,1,16
BRDA:139,15,0,0
BRDA:139,15,1,34
BRDA:140,16,0,0
BRDA:140,16,1,0
BRDA:140,17,0,0
BRDA:140,17,1,0
BRDA:147,18,0,24
BRDA:147,18,1,10
BRDA:150,19,0,34
BRDA:150,19,1,24
BRDA:150,19,2,12
BRDA:150,19,3,0
BRDA:154,20,0,34
BRDA:154,20,1,0
BRDA:162,21,0,0
BRDA:162,21,1,0
BRF:48
BRH:23
end_of_record
TN:
SF:src\pages\Settings.tsx
FN:35,loadLocalSettings
FN:43,saveToLocal
FN:47,mergeBackendSettings
FN:62,(anonymous_3)
FN:72,(anonymous_4)
FN:77,(anonymous_5)
FN:78,(anonymous_6)
FN:79,(anonymous_7)
FN:85,(anonymous_8)
FN:100,(anonymous_9)
FN:103,(anonymous_10)
FN:106,(anonymous_11)
FN:150,(anonymous_12)
FN:220,(anonymous_13)
FN:220,(anonymous_14)
FN:230,(anonymous_15)
FN:230,(anonymous_16)
FN:243,(anonymous_17)
FN:243,(anonymous_18)
FN:247,(anonymous_19)
FN:247,(anonymous_20)
FN:256,(anonymous_21)
FN:256,(anonymous_22)
FN:260,(anonymous_23)
FN:260,(anonymous_24)
FN:264,(anonymous_25)
FN:264,(anonymous_26)
FN:268,(anonymous_27)
FN:268,(anonymous_28)
FNF:29
FNH:12
FNDA:4,loadLocalSettings
FNDA:2,saveToLocal
FNDA:3,mergeBackendSettings
FNDA:16,(anonymous_3)
FNDA:4,(anonymous_4)
FNDA:1,(anonymous_5)
FNDA:1,(anonymous_6)
FNDA:1,(anonymous_7)
FNDA:3,(anonymous_8)
FNDA:4,(anonymous_9)
FNDA:4,(anonymous_10)
FNDA:2,(anonymous_11)
FNDA:0,(anonymous_12)
FNDA:0,(anonymous_13)
FNDA:0,(anonymous_14)
FNDA:0,(anonymous_15)
FNDA:0,(anonymous_16)
FNDA:0,(anonymous_17)
FNDA:0,(anonymous_18)
FNDA:0,(anonymous_19)
FNDA:0,(anonymous_20)
FNDA:0,(anonymous_21)
FNDA:0,(anonymous_22)
FNDA:0,(anonymous_23)
FNDA:0,(anonymous_24)
FNDA:0,(anonymous_25)
FNDA:0,(anonymous_26)
FNDA:0,(anonymous_27)
FNDA:0,(anonymous_28)
DA:15,1
DA:16,1
DA:18,1
DA:25,1
DA:33,1
DA:36,4
DA:37,4
DA:38,4
DA:40,4
DA:44,2
DA:48,3
DA:62,1
DA:63,16
DA:64,16
DA:65,16
DA:66,16
DA:67,16
DA:68,16
DA:69,16
DA:70,16
DA:72,16
DA:73,4
DA:74,4
DA:75,4
DA:76,4
DA:77,1
DA:78,1
DA:79,1
DA:81,4
DA:82,4
DA:83,4
DA:84,3
DA:85,3
DA:86,3
DA:88,4
DA:89,1
DA:90,1
DA:93,0
DA:94,0
DA:96,4
DA:100,16
DA:101,4
DA:102,4
DA:103,4
DA:106,16
DA:107,2
DA:108,2
DA:109,2
DA:115,2
DA:116,1
DA:117,1
DA:118,1
DA:119,1
DA:120,0
DA:121,0
DA:124,0
DA:127,1
DA:128,1
DA:130,2
DA:134,16
DA:142,16
DA:150,0
DA:220,0
DA:230,0
DA:243,0
DA:247,0
DA:256,0
DA:260,0
DA:264,0
DA:268,0
LF:70
LH:56
BRDA:38,0,0,0
BRDA:38,0,1,4
BRDA:52,1,0,3
BRDA:52,1,1,0
BRDA:53,2,0,3
BRDA:53,2,1,0
BRDA:55,3,0,3
BRDA:55,3,1,0
BRDA:56,4,0,3
BRDA:56,4,1,0
BRDA:57,5,0,3
BRDA:57,5,1,0
BRDA:58,6,0,3
BRDA:58,6,1,0
BRDA:83,7,0,3
BRDA:83,7,1,1
BRDA:88,8,0,1
BRDA:88,8,1,3
BRDA:88,9,0,4
BRDA:88,9,1,1
BRDA:88,9,2,1
BRDA:93,10,0,0
BRDA:93,10,1,0
BRDA:117,11,0,1
BRDA:117,11,1,0
BRDA:117,12,0,1
BRDA:117,12,1,0
BRDA:119,13,0,0
BRDA:119,13,1,1
BRDA:119,14,0,1
BRDA:119,14,1,0
BRDA:148,15,0,16
BRDA:148,15,1,1
BRDA:153,16,0,16
BRDA:153,16,1,1
BRDA:158,17,0,16
BRDA:158,17,1,4
BRDA:158,17,2,4
BRDA:163,18,0,7
BRDA:163,18,1,9
BRDA:166,19,0,7
BRDA:166,19,1,0
BRDA:167,20,0,7
BRDA:167,20,1,0
BRDA:168,21,0,7
BRDA:168,21,1,0
BRDA:183,22,0,7
BRDA:183,22,1,9
BRDA:192,23,0,7
BRDA:192,23,1,0
BRDA:203,24,0,16
BRDA:203,24,1,7
BRDA:247,25,0,0
BRDA:247,25,1,0
BRDA:256,26,0,0
BRDA:256,26,1,0
BRDA:260,27,0,0
BRDA:260,27,1,0
BRDA:264,28,0,0
BRDA:264,28,1,0
BRDA:268,29,0,0
BRDA:268,29,1,0
BRF:62
BRH:35
end_of_record
TN:
SF:src\pages\StudyCreate.tsx
FN:22,(anonymous_0)
FN:29,(anonymous_1)
FN:53,(anonymous_2)
FN:55,(anonymous_3)
FN:57,(anonymous_4)
FN:98,(anonymous_5)
FN:103,(anonymous_6)
FN:126,(anonymous_7)
FN:130,(anonymous_8)
FN:195,(anonymous_9)
FN:205,(anonymous_10)
FN:207,(anonymous_11)
FN:214,(anonymous_12)
FN:255,(anonymous_13)
FN:262,(anonymous_14)
FNF:15
FNH:8
FNDA:8,(anonymous_0)
FNDA:2,(anonymous_1)
FNDA:0,(anonymous_2)
FNDA:0,(anonymous_3)
FNDA:0,(anonymous_4)
FNDA:1,(anonymous_5)
FNDA:1,(anonymous_6)
FNDA:0,(anonymous_7)
FNDA:0,(anonymous_8)
FNDA:1,(anonymous_9)
FNDA:1,(anonymous_10)
FNDA:1,(anonymous_11)
FNDA:0,(anonymous_12)
FNDA:1,(anonymous_13)
FNDA:0,(anonymous_14)
DA:11,1
DA:12,1
DA:13,1
DA:15,1
DA:22,1
DA:23,8
DA:24,8
DA:25,8
DA:26,8
DA:27,8
DA:29,8
DA:41,2
DA:42,2
DA:44,2
DA:51,2
DA:52,0
DA:53,0
DA:55,0
DA:57,0
DA:60,2
DA:61,0
DA:62,0
DA:63,0
DA:65,0
DA:66,0
DA:68,0
DA:69,0
DA:71,0
DA:72,0
DA:76,2
DA:77,2
DA:78,1
DA:80,1
DA:81,1
DA:82,1
DA:83,1
DA:84,2
DA:86,0
DA:87,0
DA:90,1
DA:91,1
DA:92,1
DA:94,2
DA:98,8
DA:102,1
DA:104,1
DA:126,0
DA:130,0
DA:136,8
DA:195,1
DA:206,1
DA:208,1
DA:214,0
DA:255,1
DA:262,0
LF:55
LH:36
BRDA:48,0,0,2
BRDA:48,0,1,0
BRDA:51,1,0,0
BRDA:51,1,1,2
BRDA:51,2,0,2
BRDA:51,2,1,0
BRDA:51,2,2,0
BRDA:57,3,0,0
BRDA:57,3,1,0
BRDA:60,4,0,0
BRDA:60,4,1,2
BRDA:62,5,0,0
BRDA:62,5,1,0
BRDA:65,6,0,0
BRDA:65,6,1,0
BRDA:68,7,0,0
BRDA:68,7,1,0
BRDA:71,8,0,0
BRDA:71,8,1,0
BRDA:83,9,0,1
BRDA:83,9,1,0
BRDA:87,10,0,0
BRDA:87,10,1,0
BRDA:90,11,0,1
BRDA:90,11,1,0
BRDA:125,12,0,1
BRDA:125,12,1,0
BRDA:138,13,0,8
BRDA:138,13,1,1
BRDA:194,14,0,1
BRDA:194,14,1,7
BRDA:202,15,0,8
BRDA:202,15,1,1
BRDA:213,16,0,0
BRDA:213,16,1,1
BRF:35
BRH:14
end_of_record
TN:
SF:src\services\api.ts
FN:70,(anonymous_0)
FN:75,(anonymous_1)
FN:76,(anonymous_2)
FN:82,(anonymous_3)
FN:107,(anonymous_4)
FN:108,(anonymous_5)
FN:114,(anonymous_6)
FN:119,(anonymous_7)
FN:124,(anonymous_8)
FN:129,(anonymous_9)
FN:137,(anonymous_10)
FN:144,(anonymous_11)
FN:149,(anonymous_12)
FN:154,(anonymous_13)
FN:166,(anonymous_14)
FN:170,(anonymous_15)
FN:178,(anonymous_16)
FN:183,(anonymous_17)
FN:192,(anonymous_18)
FN:212,(anonymous_19)
FN:220,(anonymous_20)
FN:228,(anonymous_21)
FN:233,(anonymous_22)
FN:237,(anonymous_23)
FN:245,(anonymous_24)
FN:253,(anonymous_25)
FN:262,(anonymous_26)
FN:278,(anonymous_27)
FN:291,(anonymous_28)
FN:296,(anonymous_29)
FN:301,(anonymous_30)
FN:308,(anonymous_31)
FN:312,(anonymous_32)
FN:317,(anonymous_33)
FN:326,(anonymous_34)
FN:334,(anonymous_35)
FN:342,(anonymous_36)
FN:354,(anonymous_37)
FN:371,(anonymous_38)
FN:379,(anonymous_39)
FN:391,(anonymous_40)
FN:412,(anonymous_41)
FN:420,(anonymous_42)
FN:432,(anonymous_43)
FN:437,(anonymous_44)
FN:442,(anonymous_45)
FN:447,(anonymous_46)
FN:452,(anonymous_47)
FN:461,(anonymous_48)
FN:466,(anonymous_49)
FN:473,(anonymous_50)
FNF:51
FNH:47
FNDA:1,(anonymous_0)
FNDA:0,(anonymous_1)
FNDA:0,(anonymous_2)
FNDA:8,(anonymous_3)
FNDA:0,(anonymous_4)
FNDA:0,(anonymous_5)
FNDA:1,(anonymous_6)
FNDA:1,(anonymous_7)
FNDA:1,(anonymous_8)
FNDA:1,(anonymous_9)
FNDA:1,(anonymous_10)
FNDA:1,(anonymous_11)
FNDA:1,(anonymous_12)
FNDA:1,(anonymous_13)
FNDA:1,(anonymous_14)
FNDA:1,(anonymous_15)
FNDA:1,(anonymous_16)
FNDA:1,(anonymous_17)
FNDA:1,(anonymous_18)
FNDA:1,(anonymous_19)
FNDA:1,(anonymous_20)
FNDA:1,(anonymous_21)
FNDA:1,(anonymous_22)
FNDA:1,(anonymous_23)
FNDA:1,(anonymous_24)
FNDA:1,(anonymous_25)
FNDA:1,(anonymous_26)
FNDA:1,(anonymous_27)
FNDA:1,(anonymous_28)
FNDA:1,(anonymous_29)
FNDA:1,(anonymous_30)
FNDA:1,(anonymous_31)
FNDA:1,(anonymous_32)
FNDA:1,(anonymous_33)
FNDA:1,(anonymous_34)
FNDA:1,(anonymous_35)
FNDA:1,(anonymous_36)
FNDA:1,(anonymous_37)
FNDA:1,(anonymous_38)
FNDA:1,(anonymous_39)
FNDA:2,(anonymous_40)
FNDA:1,(anonymous_41)
FNDA:1,(anonymous_42)
FNDA:1,(anonymous_43)
FNDA:1,(anonymous_44)
FNDA:1,(anonymous_45)
FNDA:1,(anonymous_46)
FNDA:1,(anonymous_47)
FNDA:1,(anonymous_48)
FNDA:1,(anonymous_49)
FNDA:1,(anonymous_50)
DA:47,2
DA:49,2
DA:58,2
DA:70,2
DA:71,1
DA:72,1
DA:75,2
DA:76,2
DA:82,2
DA:83,8
DA:84,6
DA:85,6
DA:86,6
DA:87,1
DA:88,5
DA:89,1
DA:90,4
DA:91,1
DA:92,3
DA:93,1
DA:94,2
DA:95,1
DA:97,1
DA:99,2
DA:100,1
DA:102,1
DA:104,8
DA:107,2
DA:108,2
DA:114,2
DA:115,1
DA:116,1
DA:119,2
DA:120,1
DA:121,1
DA:124,2
DA:125,1
DA:126,1
DA:129,2
DA:133,1
DA:134,1
DA:137,2
DA:140,1
DA:141,1
DA:144,2
DA:145,1
DA:146,1
DA:149,2
DA:150,1
DA:151,1
DA:154,2
DA:159,1
DA:163,1
DA:166,2
DA:167,1
DA:170,2
DA:174,1
DA:175,1
DA:178,2
DA:179,1
DA:180,1
DA:183,2
DA:184,1
DA:185,1
DA:192,2
DA:202,1
DA:209,1
DA:212,2
DA:216,1
DA:217,1
DA:220,2
DA:224,1
DA:225,1
DA:228,2
DA:229,1
DA:230,1
DA:233,2
DA:234,1
DA:237,2
DA:241,1
DA:242,1
DA:245,2
DA:249,1
DA:250,1
DA:253,2
DA:254,1
DA:255,1
DA:262,2
DA:267,1
DA:271,1
DA:278,2
DA:284,1
DA:285,1
DA:286,1
DA:287,1
DA:288,1
DA:291,2
DA:292,1
DA:293,1
DA:296,2
DA:297,1
DA:298,1
DA:301,2
DA:304,1
DA:305,1
DA:308,2
DA:309,1
DA:312,2
DA:313,1
DA:314,1
DA:317,2
DA:318,1
DA:319,1
DA:326,2
DA:330,1
DA:331,1
DA:334,2
DA:338,1
DA:339,1
DA:342,2
DA:346,1
DA:347,1
DA:354,2
DA:360,1
DA:364,1
DA:371,2
DA:375,1
DA:376,1
DA:379,2
DA:384,1
DA:388,1
DA:391,2
DA:403,2
DA:404,2
DA:405,2
DA:409,2
DA:412,2
DA:416,1
DA:417,1
DA:420,2
DA:424,1
DA:425,1
DA:432,2
DA:433,1
DA:434,1
DA:437,2
DA:438,1
DA:439,1
DA:442,2
DA:443,1
DA:444,1
DA:447,2
DA:448,1
DA:449,1
DA:452,2
DA:453,1
DA:454,1
DA:461,2
DA:462,1
DA:463,1
DA:466,2
DA:469,1
DA:470,1
DA:473,2
DA:476,1
DA:477,1
LF:166
LH:166
BRDA:83,0,0,6
BRDA:83,0,1,2
BRDA:85,1,0,6
BRDA:85,1,1,5
BRDA:85,1,2,4
BRDA:86,2,0,1
BRDA:86,2,1,5
BRDA:88,3,0,1
BRDA:88,3,1,4
BRDA:90,4,0,1
BRDA:90,4,1,3
BRDA:92,5,0,1
BRDA:92,5,1,2
BRDA:94,6,0,1
BRDA:94,6,1,1
BRDA:99,7,0,1
BRDA:99,7,1,1
BRDA:114,8,0,1
BRDA:114,9,0,1
BRDA:194,10,0,1
BRDA:204,11,0,1
BRDA:204,11,1,1
BRDA:205,12,0,1
BRDA:205,12,1,1
BRDA:206,13,0,1
BRDA:206,13,1,1
BRDA:207,14,0,1
BRDA:207,14,1,1
BRDA:279,15,0,1
BRDA:280,16,0,1
BRDA:285,17,0,1
BRDA:285,17,1,0
BRDA:286,18,0,1
BRDA:286,18,1,0
BRDA:382,19,0,1
BRDA:404,20,0,1
BRDA:404,20,1,1
BRDA:414,21,0,1
BRF:38
BRH:36
end_of_record
TN:
SF:src\stores\appStore.ts
FN:26,(anonymous_0)
FN:29,(anonymous_1)
FN:30,(anonymous_2)
FN:33,(anonymous_3)
FN:37,(anonymous_4)
FN:38,(anonymous_5)
FN:41,(anonymous_6)
FN:42,(anonymous_7)
FN:46,(anonymous_8)
FN:49,(anonymous_9)
FN:50,(anonymous_10)
FN:53,(anonymous_11)
FN:54,(anonymous_12)
FN:57,(anonymous_13)
FN:60,(anonymous_14)
FN:67,(anonymous_15)
FN:68,(anonymous_16)
FN:69,(anonymous_17)
FN:70,(anonymous_18)
FN:72,(anonymous_19)
FNF:20
FNH:19
FNDA:7,(anonymous_0)
FNDA:10,(anonymous_1)
FNDA:10,(anonymous_2)
FNDA:19,(anonymous_3)
FNDA:24,(anonymous_4)
FNDA:24,(anonymous_5)
FNDA:2,(anonymous_6)
FNDA:65,(anonymous_7)
FNDA:1,(anonymous_8)
FNDA:3,(anonymous_9)
FNDA:3,(anonymous_10)
FNDA:1,(anonymous_11)
FNDA:0,(anonymous_12)
FNDA:1,(anonymous_13)
FNDA:1,(anonymous_14)
FNDA:2,(anonymous_15)
FNDA:2,(anonymous_16)
FNDA:1,(anonymous_17)
FNDA:2,(anonymous_18)
FNDA:1,(anonymous_19)
DA:4,7
DA:26,7
DA:29,10
DA:30,10
DA:33,19
DA:38,24
DA:39,24
DA:40,16
DA:41,2
DA:42,65
DA:45,8
DA:46,1
DA:50,3
DA:51,3
DA:52,1
DA:53,1
DA:54,0
DA:57,2
DA:58,2
DA:59,1
DA:61,1
DA:65,1
DA:68,2
DA:69,1
DA:70,2
DA:72,1
LF:26
LH:25
BRDA:39,0,0,16
BRDA:39,0,1,8
BRDA:51,1,0,1
BRDA:51,1,1,2
BRDA:58,2,0,1
BRDA:58,2,1,1
BRDA:61,3,0,1
BRDA:61,3,1,0
BRF:8
BRH:7
end_of_record
TN:
SF:src\types\api.ts
FNF:0
FNH:0
LF:0
LH:0
BRF:0
BRH:0
end_of_record
