============================= test session starts =============================
platform win32 -- Python 3.12.10, pytest-9.0.3, pluggy-1.6.0 -- E:\machine_learning_study\AI_CBC\.venv\Scripts\python.exe
cachedir: .pytest_cache
rootdir: E:\machine_learning_study\AI_CBC
configfile: pyproject.toml
testpaths: tests
plugins: anyio-4.13.0, asyncio-1.4.0, cov-7.1.0
asyncio: mode=Mode.AUTO, debug=False, asyncio_default_fixture_loop_scope=None, asyncio_default_test_loop_scope=function
collecting ... collected 594 items

tests/analysis/test_analysis_agent.py::TestAnalysisAgentConfig::test_default_config PASSED [  0%]
tests/analysis/test_analysis_agent.py::TestAnalysisAgentConfig::test_custom_config PASSED [  0%]
tests/analysis/test_analysis_agent.py::TestAnalysisAgentPipeline::test_full_pipeline PASSED [  0%]
tests/analysis/test_analysis_agent.py::TestAnalysisAgentPipeline::test_model_selection_mnl_for_small_sample PASSED [  0%]
tests/analysis/test_analysis_agent.py::TestAnalysisAgentPipeline::test_price_coefficient_warning PASSED [  0%]
tests/analysis/test_analysis_agent.py::TestAnalysisAgentPipeline::test_population_params_structure PASSED [  1%]
tests/analysis/test_hb_engine.py::TestHBEngineBuild::test_build_model_creates_pymc_model PASSED [  1%]
tests/analysis/test_hb_engine.py::TestHBEngineBuild::test_preprocess_creates_correct_task_count PASSED [  1%]
tests/analysis/test_hb_engine.py::TestHBEngineFit::test_fit_returns_result 